<?xml version="1.0" encoding="UTF-8"?>
<!-- Generated by org.testng.reporters.JUnitReportReporter -->
<testsuite name="FirstTest" tests="1" time="0.013" ignored="0" failures="0" timestamp="11 sep 2017 07:47:19 GMT" skipped="0" hostname="AF-727WG72" errors="0">
  <testcase name="test" time="0.013" classname="FirstTest"/>
</testsuite> <!-- FirstTest -->
